<?xml version="1.0" encoding="UTF-8"?>
<!-- Generated by org.testng.reporters.JUnitReportReporter -->
<testsuite hostname="LAPTOP-OHHLROI9" failures="0" tests="5" name="Runners.TestRunner" time="9.421" errors="0" timestamp="2025-05-25T23:13:52 IST" skipped="0">
  <testcase classname="Runners.TestRunner" name="runScenario" time="0.865"/>
  <testcase classname="Runners.TestRunner" name="runScenario" time="1.265"/>
  <testcase classname="Runners.TestRunner" name="runScenario" time="1.293"/>
  <testcase classname="Runners.TestRunner" name="runScenario" time="1.353"/>
  <testcase classname="Runners.TestRunner" name="runScenario" time="4.645"/>
</testsuite> <!-- Runners.TestRunner -->
