<?xml version="1.0" encoding="UTF-8"?>
<!-- Generated by org.testng.reporters.JUnitReportReporter -->
<testsuite hostname="LAPTOP-OHHLROI9" failures="0" tests="5" name="Runners.TestRunner" time="12.898" errors="0" timestamp="2025-05-25T23:23:59 IST" skipped="0">
  <testcase classname="Runners.TestRunner" name="runScenario" time="1.006"/>
  <testcase classname="Runners.TestRunner" name="runScenario" time="4.857"/>
  <testcase classname="Runners.TestRunner" name="runScenario" time="3.838"/>
  <testcase classname="Runners.TestRunner" name="runScenario" time="2.131"/>
  <testcase classname="Runners.TestRunner" name="runScenario" time="1.066"/>
</testsuite> <!-- Runners.TestRunner -->
